\BOOKMARK [1][-]{section.1}{Theoretical Background}{}% 1
\BOOKMARK [2][-]{subsection.1.1}{General Analytical Solution}{section.1}% 2
\BOOKMARK [2][-]{subsection.1.2}{Rewriting the WE as two differential equations out of one}{section.1}% 3
\BOOKMARK [2][-]{subsection.1.3}{Rewriting the WE as a fully first order system / eigenvalue problem / Matrix form of the wave equation}{section.1}% 4
\BOOKMARK [3][-]{subsubsection.1.3.1}{Detailed matrix derivation}{subsection.1.3}% 5
\BOOKMARK [3][-]{subsubsection.1.3.2}{Choices for Initial Values}{subsection.1.3}% 6
\BOOKMARK [3][-]{subsubsection.1.3.3}{Eigenvalue Problem}{subsection.1.3}% 7
\BOOKMARK [2][-]{subsection.1.4}{Rewriting the WE as a fully first order system / eigenvalue problem / Matrix form of the wave equation}{section.1}% 8
\BOOKMARK [3][-]{subsubsection.1.4.1}{Detailed matrix derivation}{subsection.1.4}% 9
\BOOKMARK [3][-]{subsubsection.1.4.2}{Choices for Initial Values}{subsection.1.4}% 10
\BOOKMARK [3][-]{subsubsection.1.4.3}{Eigenvalue Problem}{subsection.1.4}% 11
\BOOKMARK [1][-]{section.2}{Numerical Differentiation}{}% 12
\BOOKMARK [2][-]{subsection.2.1}{Forward, Backward and Central Difference Quotients}{section.2}% 13
\BOOKMARK [2][-]{subsection.2.2}{Error Estimations}{section.2}% 14
\BOOKMARK [2][-]{subsection.2.3}{Approximating the Second Derivative}{section.2}% 15
\BOOKMARK [2][-]{subsection.2.4}{Approximating to a higher order}{section.2}% 16
\BOOKMARK [2][-]{subsection.2.5}{Convergence}{section.2}% 17
\BOOKMARK [1][-]{section.3}{Runge-Kutta time-integration}{}% 18
\BOOKMARK [2][-]{subsection.3.1}{General Principle of Numerical Integration Methods}{section.3}% 19
\BOOKMARK [2][-]{subsection.3.2}{Runge-Kutta Methods}{section.3}% 20
\BOOKMARK [1][-]{appendix.A}{Derivatives for example functions}{}% 21
\BOOKMARK [1][-]{appendix.B}{Plots of Runge Kutta Method}{}% 22
